iMPACT Version: 10.1

iMPACT log file Started on Sun Mar 09 19:29:37 2014

// *** BATCH CMD : setMode -bs
// *** BATCH CMD : setMode -bs
GUI --- Auto connect to cable...
// *** BATCH CMD : setCable -port auto
AutoDetecting cable. Please wait.
PROGRESS_START - Starting Operation.
Connecting to cable (Parallel Port - LPT1).
Checking cable driver.
Installing WinDriver6...Installing WinDriver6...
 Installer exit code = 1.
Successful.
Cable connection failed.
Connecting to cable (Parallel Port - LPT2).
Checking cable driver.
Installing WinDriver6...Installing WinDriver6...
 Installer exit code = 1.
Successful.
Cable connection failed.
Connecting to cable (Parallel Port - LPT3).
Checking cable driver.
Installing WinDriver6...Installing WinDriver6...
 Installer exit code = 1.
Successful.
Cable connection failed.
Connecting to cable (Parallel Port - LPT4).
Checking cable driver.
Installing WinDriver6...Installing WinDriver6...
 Installer exit code = 1.
Successful.
Cable connection failed.
Connecting to cable (Usb Port - USB21).
Checking cable driver.
 Source driver files not found.
The Platform Cable USB is not detected. Please connect a cable.If a cable isconnected, please disconnect
and reconnect to the usb port, follow the instructions in the 'Found NewHardware Wizard', then retry
the Cable Setup operation.
Cable connection failed.
Connecting to cable (Usb Port - USB22).
Checking cable driver.
 Source driver files not found.
The Platform Cable USB is not detected. Please connect a cable.If a cable isconnected, please disconnect
and reconnect to the usb port, follow the instructions in the 'Found NewHardware Wizard', then retry
the Cable Setup operation.
Cable connection failed.
Connecting to cable (Usb Port - USB23).
Checking cable driver.
 Source driver files not found.
The Platform Cable USB is not detected. Please connect a cable.If a cable isconnected, please disconnect
and reconnect to the usb port, follow the instructions in the 'Found NewHardware Wizard', then retry
the Cable Setup operation.
Cable connection failed.
Connecting to cable (Usb Port - USB24).
Checking cable driver.
 Source driver files not found.
The Platform Cable USB is not detected. Please connect a cable.If a cable isconnected, please disconnect
and reconnect to the usb port, follow the instructions in the 'Found NewHardware Wizard', then retry
the Cable Setup operation.
Cable connection failed.
PROGRESS_END - End Operation.
Elapsed time =      3 sec.
Cable autodetection failed.
WARNING:iMPACT:923 - Can not find cable, check cable setup ! Count ReleaseSemaphore rc = 298.
GUI --- Auto connect to cable...
// *** BATCH CMD : setCable -port auto
AutoDetecting cable. Please wait.
PROGRESS_START - Starting Operation.
Connecting to cable (Parallel Port - LPT1).
Checking cable driver.
Installing WinDriver6...Installing WinDriver6...
 Installer exit code = 1.
Successful.
Cable connection failed.
Connecting to cable (Parallel Port - LPT2).
Checking cable driver.
Installing WinDriver6...Installing WinDriver6...
 Installer exit code = 1.
Successful.
Cable connection failed.
Connecting to cable (Parallel Port - LPT3).
Checking cable driver.
Installing WinDriver6...Installing WinDriver6...
 Installer exit code = 1.
Successful.
Cable connection failed.
Connecting to cable (Parallel Port - LPT4).
Checking cable driver.
Installing WinDriver6...Installing WinDriver6...
 Installer exit code = 1.
Successful.
Cable connection failed.
Connecting to cable (Usb Port - USB21).
Checking cable driver.
 Source driver files not found.
The Platform Cable USB is not detected. Please connect a cable.If a cable isconnected, please disconnect
and reconnect to the usb port, follow the instructions in the 'Found NewHardware Wizard', then retry
the Cable Setup operation.
Cable connection failed.
Connecting to cable (Usb Port - USB22).
Checking cable driver.
 Source driver files not found.
The Platform Cable USB is not detected. Please connect a cable.If a cable isconnected, please disconnect
and reconnect to the usb port, follow the instructions in the 'Found NewHardware Wizard', then retry
the Cable Setup operation.
Cable connection failed.
Connecting to cable (Usb Port - USB23).
Checking cable driver.
 Source driver files not found.
The Platform Cable USB is not detected. Please connect a cable.If a cable isconnected, please disconnect
and reconnect to the usb port, follow the instructions in the 'Found NewHardware Wizard', then retry
the Cable Setup operation.
Cable connection failed.
Connecting to cable (Usb Port - USB24).
Checking cable driver.
 Source driver files not found.
The Platform Cable USB is not detected. Please connect a cable.If a cable isconnected, please disconnect
and reconnect to the usb port, follow the instructions in the 'Found NewHardware Wizard', then retry
the Cable Setup operation.
Cable connection failed.
PROGRESS_END - End Operation.
Elapsed time =      3 sec.
Cable autodetection failed.
WARNING:iMPACT:923 - Can not find cable, check cable setup ! Count ReleaseSemaphore rc = 298.
GUI --- Auto connect to cable...
// *** BATCH CMD : setCable -port auto
AutoDetecting cable. Please wait.
PROGRESS_START - Starting Operation.
Connecting to cable (Parallel Port - LPT1).
Checking cable driver.
Installing WinDriver6...Installing WinDriver6...
 Installer exit code = 1.
Successful.
Cable connection failed.
Connecting to cable (Parallel Port - LPT2).
Checking cable driver.
Installing WinDriver6...Installing WinDriver6...
 Installer exit code = 1.
Successful.
Cable connection failed.
Connecting to cable (Parallel Port - LPT3).
Checking cable driver.
Installing WinDriver6...Installing WinDriver6...
 Installer exit code = 1.
Successful.
Cable connection failed.
Connecting to cable (Parallel Port - LPT4).
Checking cable driver.
Installing WinDriver6...Installing WinDriver6...
 Installer exit code = 1.
Successful.
Cable connection failed.
Connecting to cable (Usb Port - USB21).
Checking cable driver.
 Source driver files not found.
The Platform Cable USB is not detected. Please connect a cable.If a cable isconnected, please disconnect
and reconnect to the usb port, follow the instructions in the 'Found NewHardware Wizard', then retry
the Cable Setup operation.
Cable connection failed.
Connecting to cable (Usb Port - USB22).
Checking cable driver.
 Source driver files not found.
The Platform Cable USB is not detected. Please connect a cable.If a cable isconnected, please disconnect
and reconnect to the usb port, follow the instructions in the 'Found NewHardware Wizard', then retry
the Cable Setup operation.
Cable connection failed.
Connecting to cable (Usb Port - USB23).
Checking cable driver.
 Source driver files not found.
The Platform Cable USB is not detected. Please connect a cable.If a cable isconnected, please disconnect
and reconnect to the usb port, follow the instructions in the 'Found NewHardware Wizard', then retry
the Cable Setup operation.
Cable connection failed.
Connecting to cable (Usb Port - USB24).
Checking cable driver.
 Source driver files not found.
The Platform Cable USB is not detected. Please connect a cable.If a cable isconnected, please disconnect
and reconnect to the usb port, follow the instructions in the 'Found NewHardware Wizard', then retry
the Cable Setup operation.
Cable connection failed.
PROGRESS_END - End Operation.
Elapsed time =      3 sec.
Cable autodetection failed.
WARNING:iMPACT:923 - Can not find cable, check cable setup ! Count ReleaseSemaphore rc = 298.
GUI --- Auto connect to cable...
// *** BATCH CMD : setCable -port auto
AutoDetecting cable. Please wait.
PROGRESS_START - Starting Operation.
Connecting to cable (Parallel Port - LPT1).
Checking cable driver.
Installing WinDriver6...Installing WinDriver6...
 Installer exit code = 1.
Successful.
Cable connection failed.
Connecting to cable (Parallel Port - LPT2).
Checking cable driver.
Installing WinDriver6...Installing WinDriver6...
 Installer exit code = 1.
Successful.
Cable connection failed.
Connecting to cable (Parallel Port - LPT3).
Checking cable driver.
Installing WinDriver6...Installing WinDriver6...
 Installer exit code = 1.
Successful.
Cable connection failed.
Connecting to cable (Parallel Port - LPT4).
Checking cable driver.
Installing WinDriver6...Installing WinDriver6...
 Installer exit code = 1.
Successful.
Cable connection failed.
Connecting to cable (Usb Port - USB21).
Checking cable driver.
 Source driver files not found.
The Platform Cable USB is not detected. Please connect a cable.If a cable isconnected, please disconnect
and reconnect to the usb port, follow the instructions in the 'Found NewHardware Wizard', then retry
the Cable Setup operation.
Cable connection failed.
Connecting to cable (Usb Port - USB22).
Checking cable driver.
 Source driver files not found.
The Platform Cable USB is not detected. Please connect a cable.If a cable isconnected, please disconnect
and reconnect to the usb port, follow the instructions in the 'Found NewHardware Wizard', then retry
the Cable Setup operation.
Cable connection failed.
Connecting to cable (Usb Port - USB23).
Checking cable driver.
 Source driver files not found.
The Platform Cable USB is not detected. Please connect a cable.If a cable isconnected, please disconnect
and reconnect to the usb port, follow the instructions in the 'Found NewHardware Wizard', then retry
the Cable Setup operation.
Cable connection failed.
Connecting to cable (Usb Port - USB24).
Checking cable driver.
 Source driver files not found.
The Platform Cable USB is not detected. Please connect a cable.If a cable isconnected, please disconnect
and reconnect to the usb port, follow the instructions in the 'Found NewHardware Wizard', then retry
the Cable Setup operation.
Cable connection failed.
PROGRESS_END - End Operation.
Elapsed time =      2 sec.
Cable autodetection failed.
 Count ReleaseSemaphore rc = 298.
GUI --- Auto connect to cable...
// *** BATCH CMD : setCable -port auto
AutoDetecting cable. Please wait.
PROGRESS_START - Starting Operation.
Connecting to cable (Parallel Port - LPT1).
Checking cable driver.
Installing WinDriver6...Installing WinDriver6...
 Installer exit code = 1.
Successful.
Cable connection failed.
Connecting to cable (Parallel Port - LPT2).
Checking cable driver.
Installing WinDriver6...Installing WinDriver6...
 Installer exit code = 1.
Successful.
Cable connection failed.
Connecting to cable (Parallel Port - LPT3).
Checking cable driver.
Installing WinDriver6...Installing WinDriver6...
 Installer exit code = 1.
Successful.
Cable connection failed.
Connecting to cable (Parallel Port - LPT4).
Checking cable driver.
Installing WinDriver6...Installing WinDriver6...
 Installer exit code = 1.
Successful.
Cable connection failed.
Connecting to cable (Usb Port - USB21).
Checking cable driver.
 Source driver files not found.
The Platform Cable USB is not detected. Please connect a cable.If a cable isconnected, please disconnect
and reconnect to the usb port, follow the instructions in the 'Found NewHardware Wizard', then retry
the Cable Setup operation.
Cable connection failed.
Connecting to cable (Usb Port - USB22).
Checking cable driver.
 Source driver files not found.
The Platform Cable USB is not detected. Please connect a cable.If a cable isconnected, please disconnect
and reconnect to the usb port, follow the instructions in the 'Found NewHardware Wizard', then retry
the Cable Setup operation.
Cable connection failed.
Connecting to cable (Usb Port - USB23).
Checking cable driver.
 Source driver files not found.
The Platform Cable USB is not detected. Please connect a cable.If a cable isconnected, please disconnect
and reconnect to the usb port, follow the instructions in the 'Found NewHardware Wizard', then retry
the Cable Setup operation.
Cable connection failed.
Connecting to cable (Usb Port - USB24).
Checking cable driver.
 Source driver files not found.
The Platform Cable USB is not detected. Please connect a cable.If a cable isconnected, please disconnect
and reconnect to the usb port, follow the instructions in the 'Found NewHardware Wizard', then retry
the Cable Setup operation.
Cable connection failed.
PROGRESS_END - End Operation.
Elapsed time =      2 sec.
Cable autodetection failed.
WARNING:iMPACT:923 - Can not find cable, check cable setup ! Count ReleaseSemaphore rc = 298.
GUI --- Auto connect to cable...
// *** BATCH CMD : setCable -port auto
AutoDetecting cable. Please wait.
PROGRESS_START - Starting Operation.
Connecting to cable (Parallel Port - LPT1).
Checking cable driver.
Installing WinDriver6...Installing WinDriver6...
 Installer exit code = 1.
Successful.
Cable connection failed.
Connecting to cable (Parallel Port - LPT2).
Checking cable driver.
Installing WinDriver6...Installing WinDriver6...
 Installer exit code = 1.
Successful.
Cable connection failed.
Connecting to cable (Parallel Port - LPT3).
Checking cable driver.
Installing WinDriver6...Installing WinDriver6...
 Installer exit code = 1.
Successful.
Cable connection failed.
Connecting to cable (Parallel Port - LPT4).
Checking cable driver.
Installing WinDriver6...Installing WinDriver6...
 Installer exit code = 1.
Successful.
Cable connection failed.
Connecting to cable (Usb Port - USB21).
Checking cable driver.
 Source driver files not found.
The Platform Cable USB is not detected. Please connect a cable.If a cable isconnected, please disconnect
and reconnect to the usb port, follow the instructions in the 'Found NewHardware Wizard', then retry
the Cable Setup operation.
Cable connection failed.
Connecting to cable (Usb Port - USB22).
Checking cable driver.
 Source driver files not found.
The Platform Cable USB is not detected. Please connect a cable.If a cable isconnected, please disconnect
and reconnect to the usb port, follow the instructions in the 'Found NewHardware Wizard', then retry
the Cable Setup operation.
Cable connection failed.
Connecting to cable (Usb Port - USB23).
Checking cable driver.
 Source driver files not found.
The Platform Cable USB is not detected. Please connect a cable.If a cable isconnected, please disconnect
and reconnect to the usb port, follow the instructions in the 'Found NewHardware Wizard', then retry
the Cable Setup operation.
Cable connection failed.
Connecting to cable (Usb Port - USB24).
Checking cable driver.
 Source driver files not found.
The Platform Cable USB is not detected. Please connect a cable.If a cable isconnected, please disconnect
and reconnect to the usb port, follow the instructions in the 'Found NewHardware Wizard', then retry
the Cable Setup operation.
Cable connection failed.
PROGRESS_END - End Operation.
Elapsed time =      3 sec.
Cable autodetection failed.
WARNING:iMPACT:923 - Can not find cable, check cable setup !// *** BATCH CMD : setMode -bs
 Count ReleaseSemaphore rc = 298.
