INFO:sim:172 - Generating IP...
Applying current project options...
Finished applying current project options.
Resolving generic values...
Finished resolving generic values.
Generating IP...
WARNING:sim:89 - A core named <dmem> already exists in the output directory.
   Output products for this core may be overwritten.
XST: HDL Compilation
XST: Design Hierarchy Analysis
XST: HDL Analysis
XST: HDL Synthesis
XST: Advanced HDL Synthesis
XST: Low Level Synthesis
XST: Partition Report
XST: Final Report
Generating Implementation files.
WARNING:coreutil - WARNING: Default charset GBK not supported, using ISO-8859-1
   instead
Generating NGC file.
Finished Generation.
Generating IP instantiation template...
Generating ASY schematic symbol...
INFO:sim:949 - Finished generation of ASY schematic symbol.
Generating SYM schematic symbol for 'dmem'...
Generating metadata file...
Generating ISE project...
XCO file found: dmem.xco
XMDF file found: dmem_xmdf.tcl
Adding Z:/ipcore_dir/tmp/_cg/dmem.asy -view all -origin_type imported
Adding Z:/ipcore_dir/tmp/_cg/dmem.ngc -view all -origin_type created
Checking file "Z:/ipcore_dir/tmp/_cg/dmem.ngc" for project device match ...
File "Z:/ipcore_dir/tmp/_cg/dmem.ngc" device information matches project device.
Adding Z:/ipcore_dir/tmp/_cg/dmem.sym -view all -origin_type imported
Adding Z:/ipcore_dir/tmp/_cg/dmem.v -view all -origin_type created
INFO:HDLCompiler:1845 - Analyzing Verilog file "Z:/ipcore_dir/tmp/_cg/dmem.v"
   into library work
INFO:ProjectMgmt - Parsing design hierarchy completed successfully.
Adding Z:/ipcore_dir/tmp/_cg/dmem.veo -view all -origin_type imported
INFO:TclTasksC:2116 - The automatic calculation of top has been turned-off.
   Please set the new top explicitly by running the "project set top" command.
   To re-calculate the new top automatically, set the "Auto Implementation Top"
   property to true.
Top level has been set to "/dmem"
Generating README file...
Generating FLIST file...
INFO:sim:948 - Finished FLIST file generation.
Moving files to output directory...
Finished moving files to output directory
Wrote CGP file for project 'dmem'.
